<?xml version="1.0" encoding="UTF-8"?>
<testsuite xmlns:xsi="http://www.w3.org/2001/XMLSchema-instance" xsi:noNamespaceSchemaLocation="https://maven.apache.org/surefire/maven-surefire-plugin/xsd/surefire-test-report-3.0.xsd" version="3.0" name="code.GenericSearchTest" time="0.077" tests="5" errors="0" skipped="0" failures="0">
  <properties>
[...]
</properties>
  <testcase name="UCSTest3x3" classname="code.GenericSearchTest" time="0.039">
    <system-out><![CDATA[=== GRID PREVIEW ===
 .  .  . 
 .  .  . 
 .  .  . 
====================
UCS Plan = down,right,down,right
Nodes Expanded = 9
]]></system-out>
  </testcase>
  <testcase name="GreedyTest3x3" classname="code.GenericSearchTest" time="0.001">
    <system-out><![CDATA[=== GRID PREVIEW ===
 .  .  . 
 .  .  . 
 .  .  . 
====================
Greedy Plan = down,down,right,right
]]></system-out>
  </testcase>
  <testcase name="IDTest3x3" classname="code.GenericSearchTest" time="0.002">
    <system-out><![CDATA[=== GRID PREVIEW ===
 .  .  . 
 .  .  . 
 .  .  . 
====================
ID Plan = right,right,down,down
]]></system-out>
  </testcase>
  <testcase name="TestBlockedRoadUCS" classname="code.GenericSearchTest" time="0.007">
    <system-out><![CDATA[=== GRID PREVIEW ===
 .  .  . 
 .  .  . 
 .  .  . 
Blocked roads:
(1,1) -> (2,1)
====================
UCS with blocked road Plan = right,right,down,down
]]></system-out>
  </testcase>
  <testcase name="AStarTest3x3" classname="code.GenericSearchTest" time="0.001">
    <system-out><![CDATA[=== GRID PREVIEW ===
 .  .  . 
 .  .  . 
 .  .  . 
====================
A* Plan = down,down,right,right
]]></system-out>
  </testcase>
</testsuite>