<?xml version="1.0" encoding="UTF-8"?>
<testsuite xmlns:xsi="http://www.w3.org/2001/XMLSchema-instance" xsi:noNamespaceSchemaLocation="https://maven.apache.org/surefire/maven-surefire-plugin/xsd/surefire-test-report-3.0.xsd" version="3.0" name="code.HeuristicsTest" time="0.042" tests="4" errors="0" skipped="0" failures="0">
  <properties>
[...]
</properties>
  <testcase name="testGoalHeuristicIsZero" classname="code.HeuristicsTest" time="0.022"/>
  <testcase name="testTrafficAwareHeuristic" classname="code.HeuristicsTest" time="0.001"/>
  <testcase name="testTrafficAwareHeuristicAllOnes" classname="code.HeuristicsTest" time="0.001"/>
  <testcase name="testManhattanHeuristic" classname="code.HeuristicsTest" time="0.001"/>
</testsuite>